<?xml version="1.0" encoding="UTF-8"?>
<testng-results skipped="0" failed="0" ignored="0" total="1" passed="1">
  <reporter-output>
  </reporter-output>
  <suite name="Default suite" duration-ms="46669" started-at="2020-09-30T16:57:15 IST" finished-at="2020-09-30T16:58:01 IST">
    <groups>
    </groups>
    <test name="Default test" duration-ms="46669" started-at="2020-09-30T16:57:15 IST" finished-at="2020-09-30T16:58:01 IST">
      <class name="Assignment01.NewTest">
        <test-method status="PASS" signature="beforeClass()[pri:0, instance:Assignment01.NewTest@27a8c74e]" name="beforeClass" is-config="true" duration-ms="29112" started-at="2020-09-30T16:57:15 IST" finished-at="2020-09-30T16:57:44 IST">
          <reporter-output>
          </reporter-output>
        </test-method> <!-- beforeClass -->
        <test-method status="PASS" signature="test()[pri:0, instance:Assignment01.NewTest@27a8c74e]" name="test" duration-ms="15490" started-at="2020-09-30T16:57:44 IST" finished-at="2020-09-30T16:57:59 IST">
          <reporter-output>
          </reporter-output>
        </test-method> <!-- test -->
        <test-method status="PASS" signature="afterClass()[pri:0, instance:Assignment01.NewTest@27a8c74e]" name="afterClass" is-config="true" duration-ms="2004" started-at="2020-09-30T16:57:59 IST" finished-at="2020-09-30T16:58:01 IST">
          <reporter-output>
          </reporter-output>
        </test-method> <!-- afterClass -->
      </class> <!-- Assignment01.NewTest -->
    </test> <!-- Default test -->
  </suite> <!-- Default suite -->
</testng-results>
